
# 1.1.1.1 Ensure mounting of cramfs filesystems is disabled - modprobe : [FAILED]
Set Variable: $r1.1.1.1=insmod /lib/modules/4.18.0-240.el8.x86_64/kernel/fs/cramfs/cramfs.ko.xz
1.1.1.1 Remediation executed.
Create file, cramfs.conf, in /etc/modprobe.d/ 
Insert CLI: "install cramfs /bin/true" in /etc/modprobe.d/cramfs.conf
Change mod to 644 to file "/etc/modprobe.d/cramfs.conf"
Remove module "cramfs"
expect: install /bin/true
Remediation applied.

#1.1.1.3 Ensure mounting of squashfs filesystems is disabled - modprobe : [FAILED]
Set Variable: $r1.1.1.3=insmod /lib/modules/4.18.0-240.el8.x86_64/kernel/fs/squashfs/squashfs.ko.xz
1.1.1.3 Remediation executed.
Create file, squashfs.conf, /etc/modprobe.d/ 
Insert CLI: "install squashfs.conf /bin/true" in /etc/modprobe.d/squashfs.conf
Change mod to 644 to file "/etc/modprobe.d/squashfs.conf"
Remove module "squashfs"
expect: install /bin/true
Remediation applied.

# 1.1.1.4 Ensure mounting of udf filesystems is disabled - modprobe : [FAILED]
Set Variable: $r1.1.1.4=insmod /lib/modules/4.18.0-240.el8.x86_64/kernel/lib/crc-itu-t.ko.xz insmod /lib/modules/4.18.0-240.el8.x86_64/kernel/fs/udf/udf.ko.xz
1.1.1.4 Remediation executed.
Create file, udf.conf, in /etc/modprobe.d/ 
Insert CLI: "install udf /bin/true" in /etc/modprobe.d/udf.conf
Change mod to 644 to file "/etc/modprobe.d/udf.conf"
Remove module "udf"

!!! REMEDIATION IS NOT SUCCESSFUL for # 1.1.1.4

Output: "insmod /lib/modules/4.18.0-240.el8.x86_64/kernel/lib/crc-itu-t.ko.xz install /bin/true "

# 1.1.10 Ensure noexec option set on /var/tmp partition : [FAILED]
Set Variable: $r1.1.10=
1.1.10 Remediation executed.
Backup original file
Copy /etc/fstab to /etc/fstab.original
yes | cp /etc/fstab /etc/fstab.original
yes | cp /etc/fstab /etc/fstab.backup
Edit file, fstab, in /etc 
Insert CLI: "tmpfs	/tmp	tmpfs	noexec	0	0" in /etc/fstab
Insert CLI: "/tmp	/var/tmp	none	rw,noexec,nosuid,nodev,bind	0	0" in /etc/fstab
Mount /var/tmp and /tmp without rebooting system
mount -o rw,noexec,nosuid,nodev,bind /tmp/ /var/tmp/
mount -o remount,noexec,nosuid,nodev /tmp

!!! REMEDIATION IS NOT SUCCESSFUL FOR # 1.1.10

Output: "/dev/mapper/rhel-root on /var/tmp type xfs (rw,relatime,seclabel,attr2,inode64,logbufs=8,logbsize=32k,noquota)"

# 1.1.17 Ensure noexec option set on /dev/shm partition : [FAILED]
Set Variable: $r1.1.17=

# 1.1.2 Ensure /tmp is configured - mount : [FAILED]
Set Variable: $r1.1.2=/dev/mapper/rhel-root on /var/tmp type xfs (rw,relatime,seclabel,attr2,inode64,logbufs=8,logbsize=32k,noquota)
1.1.2 Remediation executed.
Backup original file
/etc/fstab.original EXIST..
/etc/fstab.backup EXIST..
Append difference into /etc/fstab.backup
diff /etc/fstab /etc/fstab.backup >> /etc/fstab.backup
sed -i -n '/tmpfs/{x;d;};1h;1!{x;p;};${x;p;}' /etc/fstab.backup
sed -i 's/^< //' /etc/fstab.backup
Failed to enable unit: Unit /run/systemd/generator/tmp.mount is transient or generated.
